INFO:     Will watch for changes in these directories: ['/home/workspace']
INFO:     Uvicorn running on http://0.0.0.0:8000 (Press CTRL+C to quit)
INFO:     Started reloader process [319] using StatReload
INFO:     Started server process [321]
INFO:     Waiting for application startup.
INFO:     Application startup complete.
INFO:     172.20.0.1:54750 - "HEAD / HTTP/1.1" 405 Method Not Allowed
WARNING:  StatReload detected changes in 'schemas.py'. Reloading...
INFO:     Shutting down
INFO:     Waiting for application shutdown.
INFO:     Application shutdown complete.
INFO:     Finished server process [321]
INFO:     Started server process [358]
INFO:     Waiting for application startup.
INFO:     Application startup complete.
WARNING:  StatReload detected changes in 'main.py'. Reloading...
INFO:     Shutting down
INFO:     Waiting for application shutdown.
INFO:     Application shutdown complete.
INFO:     Finished server process [358]
INFO:     Started server process [372]
INFO:     Waiting for application startup.
INFO:     Application startup complete.
